2019-03-14 14:55:25,446 INFO  [Log] **************************************************************************************** 
2019-03-14 14:55:25,447 INFO  [Log] $$$$$$$$$$$$$$$$$$$$$                 Add_two_number       $$$$$$$$$$$$$$$$$$$$$$$$$ 
2019-03-14 14:55:25,447 INFO  [Log] **************************************************************************************** 
2019-03-14 14:55:58,411 INFO  [Log] XXXXXXXXXXXXXXXXXXXXXXX             -E---N---D-             XXXXXXXXXXXXXXXXXXXXXX 
2019-03-14 14:55:58,412 INFO  [Log] X 
2019-03-14 14:55:58,412 INFO  [Log] X 
2019-03-14 16:00:56,430 INFO  [Log] **************************************************************************************** 
2019-03-14 16:00:56,463 INFO  [Log] $$$$$$$$$$$$$$$$$$$$$                 Add_two_number       $$$$$$$$$$$$$$$$$$$$$$$$$ 
2019-03-14 16:00:56,463 INFO  [Log] **************************************************************************************** 
2019-03-14 16:01:24,729 INFO  [Log] XXXXXXXXXXXXXXXXXXXXXXX             -E---N---D-             XXXXXXXXXXXXXXXXXXXXXX 
2019-03-14 16:01:24,729 INFO  [Log] X 
2019-03-14 16:01:24,729 INFO  [Log] X 
2019-09-19 21:57:27,040 INFO  [Log] **************************************************************************************** 
2019-09-19 21:57:27,041 INFO  [Log] $$$$$$$$$$$$$$$$$$$$$                 Add_two_number       $$$$$$$$$$$$$$$$$$$$$$$$$ 
2019-09-19 21:57:27,041 INFO  [Log] **************************************************************************************** 
2019-12-11 11:18:03,050 INFO  [Log] **************************************************************************************** 
2019-12-11 11:18:03,065 INFO  [Log] $$$$$$$$$$$$$$$$$$$$$                 Add_two_number       $$$$$$$$$$$$$$$$$$$$$$$$$ 
2019-12-11 11:18:03,065 INFO  [Log] **************************************************************************************** 
2019-12-11 13:05:43,396 INFO  [Log] **************************************************************************************** 
2019-12-11 13:05:43,396 INFO  [Log] $$$$$$$$$$$$$$$$$$$$$                 ApidemoAppLaunch       $$$$$$$$$$$$$$$$$$$$$$$$$ 
2019-12-11 13:05:43,396 INFO  [Log] **************************************************************************************** 
2019-12-11 13:06:19,792 INFO  [Log] **************************************************************************************** 
2019-12-11 13:06:19,793 INFO  [Log] $$$$$$$$$$$$$$$$$$$$$                 ApidemoAppLaunch       $$$$$$$$$$$$$$$$$$$$$$$$$ 
2019-12-11 13:06:19,793 INFO  [Log] **************************************************************************************** 
2019-12-11 13:16:41,636 INFO  [Log] **************************************************************************************** 
2019-12-11 13:16:41,636 INFO  [Log] $$$$$$$$$$$$$$$$$$$$$                 ApidemoAppLaunch       $$$$$$$$$$$$$$$$$$$$$$$$$ 
2019-12-11 13:16:41,636 INFO  [Log] **************************************************************************************** 
2019-12-11 13:18:39,186 INFO  [Log] **************************************************************************************** 
2019-12-11 13:18:39,186 INFO  [Log] $$$$$$$$$$$$$$$$$$$$$                 ApidemoAppLaunch       $$$$$$$$$$$$$$$$$$$$$$$$$ 
2019-12-11 13:18:39,186 INFO  [Log] **************************************************************************************** 
2019-12-11 13:19:39,619 INFO  [Log] XXXXXXXXXXXXXXXXXXXXXXX             -E---N---D-             XXXXXXXXXXXXXXXXXXXXXX 
2019-12-11 13:19:39,619 INFO  [Log] X 
2019-12-11 13:19:39,619 INFO  [Log] X 
2019-12-18 13:21:42,880 INFO  [Log] **************************************************************************************** 
2019-12-18 13:21:42,889 INFO  [Log] $$$$$$$$$$$$$$$$$$$$$                 AmazonAppLaunch       $$$$$$$$$$$$$$$$$$$$$$$$$ 
2019-12-18 13:21:42,889 INFO  [Log] **************************************************************************************** 
2019-12-18 13:23:31,473 INFO  [Log] XXXXXXXXXXXXXXXXXXXXXXX             -E---N---D-             XXXXXXXXXXXXXXXXXXXXXX 
2019-12-18 13:23:31,473 INFO  [Log] X 
2019-12-18 13:23:31,474 INFO  [Log] X 
